<?xml version="1.0" encoding="UTF-8"?>
<!-- Generated by org.testng.reporters.JUnitReportReporter -->
<testsuite skipped="0" hostname="LAPTOP-AF4K93NN" name="com.oodles.scripts.NewTest" tests="1" failures="0" timestamp="01 Apr 2020 13:23:50 GMT" time="32.675" errors="0">
  <testcase name="f" time="32.675" classname="com.oodles.scripts.NewTest"/>
</testsuite> <!-- com.oodles.scripts.NewTest -->
